* using log directory 'C:/Users/GaryZhang/Documents/Coding/R/logitregre/logitRegression.Rcheck'
* using R version 4.0.3 (2020-10-10)
* using platform: x86_64-w64-mingw32 (64-bit)
* using session charset: CP936
* using options '--no-manual --as-cran'
* checking for file 'logitRegression/DESCRIPTION' ... OK
* this is package 'logitRegression' version '0.1.0'
* package encoding: UTF-8
* checking package namespace information ... OK
* checking package dependencies ... OK
* checking if this is a source package ... OK
* checking if there is a namespace ... OK
* checking for executable files ... OK
* checking for hidden files and directories ... OK
* checking for portable file names ... OK
* checking whether package 'logitRegression' can be installed ... WARNING
Found the following significant warnings:
  Warning: 坏标记（额外的空间？）在logitRegression.Rd：5：25
  Warning: C:/Users/GaryZhang/Documents/Coding/R/logitregre/logitRegression.Rcheck/00_pkg_src/logitRegression/man/lossFunction.Rd:11: unexpected section header '\usage'
  Warning: 坏标记（额外的空间？）在lossFunction.Rd：12：24
  Warning: C:/Users/GaryZhang/Documents/Coding/R/logitregre/logitRegression.Rcheck/00_pkg_src/logitRegression/man/lossFunction.Rd:15: unexpected section header '\arguments'
  Warning: C:/Users/GaryZhang/Documents/Coding/R/logitregre/logitRegression.Rcheck/00_pkg_src/logitRegression/man/lossFunction.Rd:16: unknown macro '\item'
  Warning: C:/Users/GaryZhang/Documents/Coding/R/logitregre/logitRegression.Rcheck/00_pkg_src/logitRegression/man/lossFunction.Rd:17: unknown macro '\item'
  Warning: C:/Users/GaryZhang/Documents/Coding/R/logitregre/logitRegression.Rcheck/00_pkg_src/logitRegression/man/lossFunction.Rd:18: unknown macro '\item'
  Warning: C:/Users/GaryZhang/Documents/Coding/R/logitregre/logitRegression.Rcheck/00_pkg_src/logitRegression/man/lossFunction.Rd:19: unknown macro '\item'
  Warning: C:/Users/GaryZhang/Documents/Coding/R/logitregre/logitRegression.Rcheck/00_pkg_src/logitRegression/man/lossFunction.Rd:20: unknown macro '\item'
  Warning: C:/Users/GaryZhang/Documents/Coding/R/logitregre/logitRegression.Rcheck/00_pkg_src/logitRegression/man/lossFunction.Rd:21: unknown macro '\item'
  Warning: C:/Users/GaryZhang/Documents/Coding/R/logitregre/logitRegression.Rcheck/00_pkg_src/logitRegression/man/lossFunction.Rd:23: unexpected section header '\examples'
  Warning: C:/Users/GaryZhang/Documents/Coding/R/logitregre/logitRegression.Rcheck/00_pkg_src/logitRegression/man/lossFunction.Rd:39: unexpected END_OF_INPUT '
  Warning: 坏标记（额外的空间？）在predict.Rd：15：17
See 'C:/Users/GaryZhang/Documents/Coding/R/logitregre/logitRegression.Rcheck/00install.out' for details.
* checking installed package size ... OK
* checking package directory ... OK
* checking for future file timestamps ... OK
* checking DESCRIPTION meta-information ... OK
* checking top-level files ... OK
* checking for left-over files ... OK
* checking index information ... OK
* checking package subdirectories ... OK
* checking R files for non-ASCII characters ... OK
* checking R files for syntax errors ... OK
* checking whether the package can be loaded ... OK
* checking whether the package can be loaded with stated dependencies ... OK
* checking whether the package can be unloaded cleanly ... OK
* checking whether the namespace can be loaded with stated dependencies ... OK
* checking whether the namespace can be unloaded cleanly ... OK
* checking loading without being on the library search path ... OK
* checking dependencies in R code ... NOTE
Package in Depends field not imported from: 'MASS'
  These packages need to be imported from (in the NAMESPACE file)
  for when this namespace is loaded but not attached.
* checking S3 generic/method consistency ... OK
* checking replacement functions ... OK
* checking foreign function calls ... OK
* checking R code for possible problems ... NOTE
logitRegression: no visible binding for global variable 'mathod'
newton: no visible global function definition for 'ginv'
Undefined global functions or variables:
  ginv mathod
* checking Rd files ... WARNING
prepare_Rd: 坏标记（额外的空间？）在logitRegression.Rd：5：25
prepare_Rd: man/lossFunction.Rd:11: unexpected section header '\usage'
prepare_Rd: 坏标记（额外的空间？）在lossFunction.Rd：12：24
prepare_Rd: man/lossFunction.Rd:15: unexpected section header '\arguments'
prepare_Rd: man/lossFunction.Rd:16: unknown macro '\item'
prepare_Rd: man/lossFunction.Rd:17: unknown macro '\item'
prepare_Rd: man/lossFunction.Rd:18: unknown macro '\item'
prepare_Rd: man/lossFunction.Rd:19: unknown macro '\item'
prepare_Rd: man/lossFunction.Rd:20: unknown macro '\item'
prepare_Rd: man/lossFunction.Rd:21: unknown macro '\item'
prepare_Rd: man/lossFunction.Rd:23: unexpected section header '\examples'
prepare_Rd: man/lossFunction.Rd:39: unexpected END_OF_INPUT '
'
checkRd: (7) lossFunction.Rd:12: Tag \method not valid outside a code block
prepare_Rd: 坏标记（额外的空间？）在predict.Rd：15：17
* checking Rd metadata ... OK
* checking Rd line widths ... NOTE
错误: 5: no parenthesis following \method
停止执行
These lines will be truncated in the PDF manual.
* checking Rd cross-references ... OK
* checking for missing documentation entries ... WARNING
Undocumented code objects:
  'df'
Undocumented data sets:
  'df'
All user-level objects in a package should have documentation entries.
See chapter 'Writing R documentation files' in the 'Writing R
Extensions' manual.
* checking for code/documentation mismatches ... OK
* checking Rd \usage sections ... WARNING
Bad \usage lines found in documentation object 'logitRegression':
  <unescaped bksl>method{logitRegression}{(X,w,y,method = c("gradDesc","nesGrad","newton"),L2 = FALSE,alpha = 1,iter = 100000,lamda = 0.001,eps = 0.001,}...)
Bad \usage lines found in documentation object 'predict':
  <unescaped bksl>method{predict}{(X, w, threshold = 0.5,}...)

Functions with \usage entries need to have the appropriate \alias
entries, and all their arguments documented.
The \usage entries must correspond to syntactically valid R code.
See chapter 'Writing R documentation files' in the 'Writing R
Extensions' manual.
* checking Rd contents ... OK
* checking for unstated dependencies in examples ... OK
* checking contents of 'data' directory ... OK
* checking data for non-ASCII characters ... OK
* checking data for ASCII and uncompressed saves ... OK
* checking examples ... ERROR
Running examples in 'logitRegression-Ex.R' failed
The error most likely occurred in:

> base::assign(".ptime", proc.time(), pos = "CheckExEnv")
> ### Name: logitRegression
> ### Title: Solve Logistic Regression
> ### Aliases: logitRegression
> 
> ### ** Examples
> 
> # import dataset
> data("breast_cancer_wisconsin")
> 
> # generate input
> X = df[, 2:10]
> X = as.matrix(X)
> X = cbind(X, c(1)) # create bias
> colnames(X)[10] = "intercept"
> y = df[11] # class
> set.seed(1)
> w = as.matrix(rnorm(10)) # init w
> 
> # solve Logit Regression with Gradient Descent Method
> logitRegresion(X,w,y,method = "gradDesc",L2 = FALSE,alpha = 1,iter = 100000,lamda = 0.0001,eps = 0.001)
Error in logitRegresion(X, w, y, method = "gradDesc", L2 = FALSE, alpha = 1,  : 
  could not find function "logitRegresion"
Execution halted
* checking for non-standard things in the check directory ... OK
* checking for detritus in the temp directory ... OK
* DONE
Status: 1 ERROR, 4 WARNINGs, 3 NOTEs
